#
# There is insufficient memory for the Java Runtime Environment to continue.
# Native memory allocation (malloc) failed to allocate 32744 bytes for ChunkPool::allocate
# Possible reasons:
#   The system is out of physical RAM or swap space
#   The process is running with CompressedOops enabled, and the Java Heap may be blocking the growth of the native heap
# Possible solutions:
#   Reduce memory load on the system
#   Increase physical memory or swap space
#   Check if swap backing store is full
#   Decrease Java heap size (-Xmx/-Xms)
#   Decrease number of Java threads
#   Decrease Java thread stack sizes (-Xss)
#   Set larger code cache with -XX:ReservedCodeCacheSize=
#   JVM is running with Zero Based Compressed Oops mode in which the Java heap is
#     placed in the first 32GB address space. The Java Heap base address is the
#     maximum limit for the native heap growth. Please use -XX:HeapBaseMinAddress
#     to set the Java Heap base and to place the Java Heap above 32GB virtual address.
# This output file may be truncated or incomplete.
#
#  Out of Memory Error (allocation.cpp:272), pid=14692, tid=0x0000000000000dc4
#
# JRE version: Java(TM) SE Runtime Environment (8.0_371) (build 1.8.0_371-b11)
# Java VM: Java HotSpot(TM) 64-Bit Server VM (25.371-b11 mixed mode windows-amd64 compressed oops)
# Failed to write core dump. Minidumps are not enabled by default on client versions of Windows
#

---------------  T H R E A D  ---------------

Current thread (0x00000224313c5800):  JavaThread "C1 CompilerThread3" daemon [_thread_in_native, id=3524, stack(0x0000006cbf600000,0x0000006cbf700000)]

Stack: [0x0000006cbf600000,0x0000006cbf700000]
Native frames: (J=compiled Java code, j=interpreted, Vv=VM code, C=native code)
V  [jvm.dll+0x34d9f9]


Current CompileTask:
C1:  12300 6997       1       org.springframework.asm.ClassReader::readCode (5085 bytes)


---------------  P R O C E S S  ---------------

Java Threads: ( => current thread )
  0x000002243439c000 JavaThread "ForkJoinPool.commonPool-worker-7" daemon [_thread_blocked, id=19856, stack(0x0000006cc0600000,0x0000006cc0700000)]
  0x000002243439a800 JavaThread "ForkJoinPool.commonPool-worker-6" daemon [_thread_blocked, id=8988, stack(0x0000006cc0400000,0x0000006cc0500000)]
  0x0000022434390800 JavaThread "ForkJoinPool.commonPool-worker-4" daemon [_thread_blocked, id=21120, stack(0x0000006cc0300000,0x0000006cc0400000)]
  0x000002243438d000 JavaThread "ForkJoinPool.commonPool-worker-3" daemon [_thread_blocked, id=8800, stack(0x0000006cc0200000,0x0000006cc0300000)]
  0x0000022434372000 JavaThread "ForkJoinPool.commonPool-worker-2" daemon [_thread_blocked, id=21228, stack(0x0000006cc0100000,0x0000006cc0200000)]
  0x0000022434312000 JavaThread "ForkJoinPool.commonPool-worker-1" daemon [_thread_blocked, id=9024, stack(0x0000006cc0000000,0x0000006cc0100000)]
  0x0000022431f4b000 JavaThread "container-0" [_thread_blocked, id=5496, stack(0x0000006cbff00000,0x0000006cc0000000)]
  0x0000022431f42000 JavaThread "Catalina-utility-2" [_thread_blocked, id=11332, stack(0x0000006cbfe00000,0x0000006cbff00000)]
  0x00000224314b0800 JavaThread "Catalina-utility-1" [_thread_blocked, id=18460, stack(0x0000006cbfd00000,0x0000006cbfe00000)]
  0x00000224315f1000 JavaThread "RMI TCP Connection(3)-10.68.146.253" daemon [_thread_in_native, id=24516, stack(0x0000006cbfc00000,0x0000006cbfd00000)]
  0x0000022432356000 JavaThread "RMI Scheduler(0)" daemon [_thread_blocked, id=10892, stack(0x0000006cbfb00000,0x0000006cbfc00000)]
  0x00000224315ea800 JavaThread "RMI TCP Connection(2)-10.68.146.253" daemon [_thread_in_native, id=22116, stack(0x0000006cbfa00000,0x0000006cbfb00000)]
  0x00000224316d9800 JavaThread "RMI TCP Accept-0" daemon [_thread_in_native, id=14900, stack(0x0000006cbf800000,0x0000006cbf900000)]
  0x0000022431475800 JavaThread "Service Thread" daemon [_thread_blocked, id=22556, stack(0x0000006cbf700000,0x0000006cbf800000)]
=>0x00000224313c5800 JavaThread "C1 CompilerThread3" daemon [_thread_in_native, id=3524, stack(0x0000006cbf600000,0x0000006cbf700000)]
  0x00000224313be800 JavaThread "C2 CompilerThread2" daemon [_thread_blocked, id=21680, stack(0x0000006cbf500000,0x0000006cbf600000)]
  0x00000224313bb800 JavaThread "C2 CompilerThread1" daemon [_thread_blocked, id=15144, stack(0x0000006cbf400000,0x0000006cbf500000)]
  0x00000224313b8800 JavaThread "C2 CompilerThread0" daemon [_thread_blocked, id=15708, stack(0x0000006cbf300000,0x0000006cbf400000)]
  0x00000224313b4800 JavaThread "Monitor Ctrl-Break" daemon [_thread_in_native, id=416, stack(0x0000006cbf200000,0x0000006cbf300000)]
  0x000002242efae000 JavaThread "Attach Listener" daemon [_thread_blocked, id=9768, stack(0x0000006cbf100000,0x0000006cbf200000)]
  0x0000022430bf3800 JavaThread "Signal Dispatcher" daemon [_thread_blocked, id=4412, stack(0x0000006cbf000000,0x0000006cbf100000)]
  0x0000022414338800 JavaThread "Finalizer" daemon [_thread_blocked, id=21568, stack(0x0000006cbef00000,0x0000006cbf000000)]
  0x0000022414329800 JavaThread "Reference Handler" daemon [_thread_blocked, id=1492, stack(0x0000006cbee00000,0x0000006cbef00000)]
  0x00000224142ab800 JavaThread "main" [_thread_in_Java, id=21312, stack(0x0000006cbe400000,0x0000006cbe500000)]

Other Threads:
  0x000002242ef62800 VMThread [stack: 0x0000006cbed00000,0x0000006cbee00000] [id=2108]
  0x00000224316df000 WatcherThread [stack: 0x0000006cbf900000,0x0000006cbfa00000] [id=6856]

VM state:not at safepoint (normal execution)

VM Mutex/Monitor currently owned by a thread: None

heap address: 0x00000006c2800000, size: 4056 MB, Compressed Oops mode: Zero based, Oop shift amount: 3
Narrow klass base: 0x0000000000000000, Narrow klass shift: 3
Compressed class space size: 1073741824 Address: 0x00000007c0000000

Heap:
 PSYoungGen      total 229376K, used 122008K [0x000000076b800000, 0x000000077d900000, 0x00000007c0000000)
  eden space 209920K, 58% used [0x000000076b800000,0x0000000772f263e0,0x0000000778500000)
  from space 19456K, 0% used [0x000000077c600000,0x000000077c600000,0x000000077d900000)
  to   space 15360K, 0% used [0x0000000778500000,0x0000000778500000,0x0000000779400000)
 ParOldGen       total 168448K, used 46580K [0x00000006c2800000, 0x00000006ccc80000, 0x000000076b800000)
  object space 168448K, 27% used [0x00000006c2800000,0x00000006c557d318,0x00000006ccc80000)
 Metaspace       used 59515K, capacity 62506K, committed 62848K, reserved 1105920K
  class space    used 7150K, capacity 7711K, committed 7808K, reserved 1048576K

Card table byte_map: [0x0000022424f10000,0x0000022425700000] byte_map_base: 0x00000224218fc000

Marking Bits: (ParMarkBitMap*) 0x000000006449d980
 Begin Bits: [0x0000022425c50000, 0x0000022429bb0000)
 End Bits:   [0x0000022429bb0000, 0x000002242db10000)

Polling page: 0x0000022414220000

CodeCache: size=245760Kb used=13855Kb max_used=13855Kb free=231904Kb
 bounds [0x0000022415b50000, 0x00000224168e0000, 0x0000022424b50000]
 total_blobs=7449 nmethods=6931 adapters=429
 compilation: enabled

Compilation events (10 events):
Event: 12.241 Thread 0x00000224313c5800 nmethod 6992 0x00000224168d74d0 code [0x00000224168d7620, 0x00000224168d7738]
Event: 12.267 Thread 0x00000224313c5800 6993       1       org.springframework.core.MethodParameter::computeParameterType (59 bytes)
Event: 12.268 Thread 0x00000224313c5800 nmethod 6993 0x00000224168d7c10 code [0x00000224168d7d80, 0x00000224168d7fd0]
Event: 12.270 Thread 0x00000224313c5800 6994       1       org.springframework.core.LocalVariableTableParameterNameDiscoverer$LocalVariableTableVisitor::visitLocalVariable (45 bytes)
Event: 12.270 Thread 0x00000224313c5800 nmethod 6994 0x00000224168d8110 code [0x00000224168d8280, 0x00000224168d8478]
Event: 12.275 Thread 0x00000224313c5800 6995       1       org.springframework.cglib.core.MethodInfoTransformer::getInstance (4 bytes)
Event: 12.275 Thread 0x00000224313c5800 nmethod 6995 0x00000224168d8610 code [0x00000224168d8760, 0x00000224168d8858]
Event: 12.283 Thread 0x00000224313c5800 6996       1       org.springframework.asm.ClassReader::createLabel (21 bytes)
Event: 12.283 Thread 0x00000224313c5800 nmethod 6996 0x00000224168d88d0 code [0x00000224168d8a40, 0x00000224168d8cf8]
Event: 12.290 Thread 0x00000224313c5800 6997       1       org.springframework.asm.ClassReader::readCode (5085 bytes)

GC Heap History (10 events):
Event: 8.028 GC heap before
{Heap before GC invocations=15 (full 2):
 PSYoungGen      total 217088K, used 217061K [0x000000076b800000, 0x000000077a300000, 0x00000007c0000000)
  eden space 207360K, 100% used [0x000000076b800000,0x0000000778280000,0x0000000778280000)
  from space 9728K, 99% used [0x0000000779980000,0x000000077a2f9678,0x000000077a300000)
  to   space 15360K, 0% used [0x0000000778500000,0x0000000778500000,0x0000000779400000)
 ParOldGen       total 168448K, used 31272K [0x00000006c2800000, 0x00000006ccc80000, 0x000000076b800000)
  object space 168448K, 18% used [0x00000006c2800000,0x00000006c468a3d8,0x00000006ccc80000)
 Metaspace       used 48742K, capacity 51238K, committed 51456K, reserved 1093632K
  class space    used 6409K, capacity 6877K, committed 6912K, reserved 1048576K
Event: 8.036 GC heap after
Heap after GC invocations=15 (full 2):
 PSYoungGen      total 222720K, used 5056K [0x000000076b800000, 0x000000077a300000, 0x00000007c0000000)
  eden space 207360K, 0% used [0x000000076b800000,0x000000076b800000,0x0000000778280000)
  from space 15360K, 32% used [0x0000000778500000,0x00000007789f00c0,0x0000000779400000)
  to   space 9728K, 0% used [0x0000000779980000,0x0000000779980000,0x000000077a300000)
 ParOldGen       total 168448K, used 38883K [0x00000006c2800000, 0x00000006ccc80000, 0x000000076b800000)
  object space 168448K, 23% used [0x00000006c2800000,0x00000006c4df8de0,0x00000006ccc80000)
 Metaspace       used 48742K, capacity 51238K, committed 51456K, reserved 1093632K
  class space    used 6409K, capacity 6877K, committed 6912K, reserved 1048576K
}
Event: 9.226 GC heap before
{Heap before GC invocations=16 (full 2):
 PSYoungGen      total 222720K, used 212416K [0x000000076b800000, 0x000000077a300000, 0x00000007c0000000)
  eden space 207360K, 100% used [0x000000076b800000,0x0000000778280000,0x0000000778280000)
  from space 15360K, 32% used [0x0000000778500000,0x00000007789f00c0,0x0000000779400000)
  to   space 9728K, 0% used [0x0000000779980000,0x0000000779980000,0x000000077a300000)
 ParOldGen       total 168448K, used 38883K [0x00000006c2800000, 0x00000006ccc80000, 0x000000076b800000)
  object space 168448K, 23% used [0x00000006c2800000,0x00000006c4df8de0,0x00000006ccc80000)
 Metaspace       used 50904K, capacity 53518K, committed 53760K, reserved 1095680K
  class space    used 6589K, capacity 7081K, committed 7168K, reserved 1048576K
Event: 9.231 GC heap after
Heap after GC invocations=16 (full 2):
 PSYoungGen      total 217088K, used 8699K [0x000000076b800000, 0x000000077a300000, 0x00000007c0000000)
  eden space 207360K, 0% used [0x000000076b800000,0x000000076b800000,0x0000000778280000)
  from space 9728K, 89% used [0x0000000779980000,0x000000077a1fedd0,0x000000077a300000)
  to   space 15360K, 0% used [0x0000000778500000,0x0000000778500000,0x0000000779400000)
 ParOldGen       total 168448K, used 39811K [0x00000006c2800000, 0x00000006ccc80000, 0x000000076b800000)
  object space 168448K, 23% used [0x00000006c2800000,0x00000006c4ee0e70,0x00000006ccc80000)
 Metaspace       used 50904K, capacity 53518K, committed 53760K, reserved 1095680K
  class space    used 6589K, capacity 7081K, committed 7168K, reserved 1048576K
}
Event: 10.907 GC heap before
{Heap before GC invocations=17 (full 2):
 PSYoungGen      total 217088K, used 216059K [0x000000076b800000, 0x000000077a300000, 0x00000007c0000000)
  eden space 207360K, 100% used [0x000000076b800000,0x0000000778280000,0x0000000778280000)
  from space 9728K, 89% used [0x0000000779980000,0x000000077a1fedd0,0x000000077a300000)
  to   space 15360K, 0% used [0x0000000778500000,0x0000000778500000,0x0000000779400000)
 ParOldGen       total 168448K, used 39811K [0x00000006c2800000, 0x00000006ccc80000, 0x000000076b800000)
  object space 168448K, 23% used [0x00000006c2800000,0x00000006c4ee0e70,0x00000006ccc80000)
 Metaspace       used 54771K, capacity 57482K, committed 57600K, reserved 1099776K
  class space    used 6813K, capacity 7315K, committed 7424K, reserved 1048576K
Event: 10.914 GC heap after
Heap after GC invocations=17 (full 2):
 PSYoungGen      total 225280K, used 13852K [0x000000076b800000, 0x000000077d900000, 0x00000007c0000000)
  eden space 209920K, 0% used [0x000000076b800000,0x000000076b800000,0x0000000778500000)
  from space 15360K, 90% used [0x0000000778500000,0x0000000779287200,0x0000000779400000)
  to   space 19456K, 0% used [0x000000077c600000,0x000000077c600000,0x000000077d900000)
 ParOldGen       total 168448K, used 39819K [0x00000006c2800000, 0x00000006ccc80000, 0x000000076b800000)
  object space 168448K, 23% used [0x00000006c2800000,0x00000006c4ee2e70,0x00000006ccc80000)
 Metaspace       used 54771K, capacity 57482K, committed 57600K, reserved 1099776K
  class space    used 6813K, capacity 7315K, committed 7424K, reserved 1048576K
}
Event: 11.389 GC heap before
{Heap before GC invocations=18 (full 2):
 PSYoungGen      total 225280K, used 110739K [0x000000076b800000, 0x000000077d900000, 0x00000007c0000000)
  eden space 209920K, 46% used [0x000000076b800000,0x000000077169db20,0x0000000778500000)
  from space 15360K, 90% used [0x0000000778500000,0x0000000779287200,0x0000000779400000)
  to   space 19456K, 0% used [0x000000077c600000,0x000000077c600000,0x000000077d900000)
 ParOldGen       total 168448K, used 39819K [0x00000006c2800000, 0x00000006ccc80000, 0x000000076b800000)
  object space 168448K, 23% used [0x00000006c2800000,0x00000006c4ee2e70,0x00000006ccc80000)
 Metaspace       used 56298K, capacity 59098K, committed 59136K, reserved 1101824K
  class space    used 6892K, capacity 7403K, committed 7424K, reserved 1048576K
Event: 11.397 GC heap after
Heap after GC invocations=18 (full 2):
 PSYoungGen      total 229376K, used 15696K [0x000000076b800000, 0x000000077d900000, 0x00000007c0000000)
  eden space 209920K, 0% used [0x000000076b800000,0x000000076b800000,0x0000000778500000)
  from space 19456K, 80% used [0x000000077c600000,0x000000077d554090,0x000000077d900000)
  to   space 15360K, 0% used [0x0000000778500000,0x0000000778500000,0x0000000779400000)
 ParOldGen       total 168448K, used 39827K [0x00000006c2800000, 0x00000006ccc80000, 0x000000076b800000)
  object space 168448K, 23% used [0x00000006c2800000,0x00000006c4ee4e70,0x00000006ccc80000)
 Metaspace       used 56298K, capacity 59098K, committed 59136K, reserved 1101824K
  class space    used 6892K, capacity 7403K, committed 7424K, reserved 1048576K
}
Event: 11.397 GC heap before
{Heap before GC invocations=19 (full 3):
 PSYoungGen      total 229376K, used 15696K [0x000000076b800000, 0x000000077d900000, 0x00000007c0000000)
  eden space 209920K, 0% used [0x000000076b800000,0x000000076b800000,0x0000000778500000)
  from space 19456K, 80% used [0x000000077c600000,0x000000077d554090,0x000000077d900000)
  to   space 15360K, 0% used [0x0000000778500000,0x0000000778500000,0x0000000779400000)
 ParOldGen       total 168448K, used 39827K [0x00000006c2800000, 0x00000006ccc80000, 0x000000076b800000)
  object space 168448K, 23% used [0x00000006c2800000,0x00000006c4ee4e70,0x00000006ccc80000)
 Metaspace       used 56298K, capacity 59098K, committed 59136K, reserved 1101824K
  class space    used 6892K, capacity 7403K, committed 7424K, reserved 1048576K
Event: 11.576 GC heap after
Heap after GC invocations=19 (full 3):
 PSYoungGen      total 229376K, used 0K [0x000000076b800000, 0x000000077d900000, 0x00000007c0000000)
  eden space 209920K, 0% used [0x000000076b800000,0x000000076b800000,0x0000000778500000)
  from space 19456K, 0% used [0x000000077c600000,0x000000077c600000,0x000000077d900000)
  to   space 15360K, 0% used [0x0000000778500000,0x0000000778500000,0x0000000779400000)
 ParOldGen       total 168448K, used 46580K [0x00000006c2800000, 0x00000006ccc80000, 0x000000076b800000)
  object space 168448K, 27% used [0x00000006c2800000,0x00000006c557d318,0x00000006ccc80000)
 Metaspace       used 56298K, capacity 59098K, committed 59136K, reserved 1101824K
  class space    used 6892K, capacity 7403K, committed 7424K, reserved 1048576K
}

Deoptimization events (0 events):
No events

Classes redefined (0 events):
No events

Internal exceptions (10 events):
Event: 10.574 Thread 0x00000224142ab800 Exception <a 'java/lang/ClassNotFoundException': com/zbkj/service/service/OrderServiceCustomizer> (0x0000000776792c20) thrown at [C:\jenkins\workspace\8-2-build-windows-x64-cygwin\jdk8u371\3355\hotspot\src\share\vm\classfile\systemDictionary.cpp, line 212
Event: 12.218 Thread 0x00000224142ab800 Exception <a 'java/lang/ClassNotFoundException': java/lang/ObjectCustomizer> (0x00000007721a4a40) thrown at [C:\jenkins\workspace\8-2-build-windows-x64-cygwin\jdk8u371\3355\hotspot\src\share\vm\classfile\systemDictionary.cpp, line 212]
Event: 12.219 Thread 0x00000224142ab800 Exception <a 'java/lang/ClassNotFoundException': org/springframework/plugin/core/support/AbstractTypeAwareSupportCustomizer> (0x00000007721dff38) thrown at [C:\jenkins\workspace\8-2-build-windows-x64-cygwin\jdk8u371\3355\hotspot\src\share\vm\classfile\sys
Event: 12.219 Thread 0x00000224142ab800 Exception <a 'java/lang/ClassNotFoundException': org/springframework/plugin/core/support/PluginRegistryFactoryBeanCustomizer> (0x0000000772221468) thrown at [C:\jenkins\workspace\8-2-build-windows-x64-cygwin\jdk8u371\3355\hotspot\src\share\vm\classfile\sy
Event: 12.220 Thread 0x00000224142ab800 Exception <a 'java/lang/ClassNotFoundException': org/springframework/beans/factory/FactoryBeanCustomizer> (0x000000077226d140) thrown at [C:\jenkins\workspace\8-2-build-windows-x64-cygwin\jdk8u371\3355\hotspot\src\share\vm\classfile\systemDictionary.cpp, 
Event: 12.221 Thread 0x00000224142ab800 Exception <a 'java/lang/ClassNotFoundException': org/springframework/context/ApplicationContextAwareCustomizer> (0x00000007722a1f40) thrown at [C:\jenkins\workspace\8-2-build-windows-x64-cygwin\jdk8u371\3355\hotspot\src\share\vm\classfile\systemDictionary
Event: 12.222 Thread 0x00000224142ab800 Exception <a 'java/lang/ClassNotFoundException': org/springframework/beans/factory/AwareCustomizer> (0x00000007722cd200) thrown at [C:\jenkins\workspace\8-2-build-windows-x64-cygwin\jdk8u371\3355\hotspot\src\share\vm\classfile\systemDictionary.cpp, line 2
Event: 12.222 Thread 0x00000224142ab800 Exception <a 'java/lang/ClassNotFoundException': org/springframework/context/ApplicationListenerCustomizer> (0x00000007722fb418) thrown at [C:\jenkins\workspace\8-2-build-windows-x64-cygwin\jdk8u371\3355\hotspot\src\share\vm\classfile\systemDictionary.cpp
Event: 12.222 Thread 0x00000224142ab800 Exception <a 'java/lang/ClassNotFoundException': java/util/EventListenerCustomizer> (0x000000077230cf58) thrown at [C:\jenkins\workspace\8-2-build-windows-x64-cygwin\jdk8u371\3355\hotspot\src\share\vm\classfile\systemDictionary.cpp, line 212]
Event: 12.223 Thread 0x00000224142ab800 Exception <a 'java/lang/ClassNotFoundException': org/springframework/beans/factory/InitializingBeanCustomizer> (0x000000077233d398) thrown at [C:\jenkins\workspace\8-2-build-windows-x64-cygwin\jdk8u371\3355\hotspot\src\share\vm\classfile\systemDictionary.

Events (10 events):
Event: 12.285 loading class com/google/common/collect/ImmutableList
Event: 12.285 loading class com/google/common/collect/ImmutableList done
Event: 12.286 loading class com/google/common/collect/ImmutableCollection
Event: 12.286 loading class com/google/common/collect/ImmutableCollection done
Event: 12.290 loading class com/fasterxml/classmate/MemberResolver
Event: 12.290 loading class com/fasterxml/classmate/MemberResolver done
Event: 12.294 Executing VM operation: ForceSafepoint
Event: 12.294 Executing VM operation: ForceSafepoint done
Event: 12.295 loading class springfox/documentation/spi/schema/contexts/ModelPropertyContext
Event: 12.295 loading class springfox/documentation/spi/schema/contexts/ModelPropertyContext done


Dynamic libraries:
0x00007ff771aa0000 - 0x00007ff771aea000 	D:\software\java\jdk\bin\java.exe
0x00007ffc519b0000 - 0x00007ffc51ba8000 	C:\Windows\SYSTEM32\ntdll.dll
0x00007ffc506c0000 - 0x00007ffc5077d000 	C:\Windows\System32\KERNEL32.DLL
0x00007ffc4f540000 - 0x00007ffc4f836000 	C:\Windows\System32\KERNELBASE.dll
0x00007ffc504b0000 - 0x00007ffc50560000 	C:\Windows\System32\ADVAPI32.dll
0x00007ffc4fe50000 - 0x00007ffc4feee000 	C:\Windows\System32\msvcrt.dll
0x00007ffc507b0000 - 0x00007ffc50850000 	C:\Windows\System32\sechost.dll
0x00007ffc4fc50000 - 0x00007ffc4fd73000 	C:\Windows\System32\RPCRT4.dll
0x00007ffc4f2a0000 - 0x00007ffc4f2c7000 	C:\Windows\System32\bcrypt.dll
0x00007ffc51620000 - 0x00007ffc517bf000 	C:\Windows\System32\USER32.dll
0x00007ffc4f060000 - 0x00007ffc4f082000 	C:\Windows\System32\win32u.dll
0x00007ffc50780000 - 0x00007ffc507ab000 	C:\Windows\System32\GDI32.dll
0x00007ffc4f2d0000 - 0x00007ffc4f3e7000 	C:\Windows\System32\gdi32full.dll
0x00007ffc4f940000 - 0x00007ffc4f9dd000 	C:\Windows\System32\msvcp_win.dll
0x00007ffc4f840000 - 0x00007ffc4f940000 	C:\Windows\System32\ucrtbase.dll
0x00007ffc3daf0000 - 0x00007ffc3dd8a000 	C:\Windows\WinSxS\amd64_microsoft.windows.common-controls_6595b64144ccf1df_6.0.19041.3636_none_60b6a03d71f818d5\COMCTL32.dll
0x00007ffc4ffe0000 - 0x00007ffc50012000 	C:\Windows\System32\IMM32.DLL
0x00007ffc4c440000 - 0x00007ffc4c45b000 	D:\software\java\jdk\jre\bin\vcruntime140.dll
0x00007ffc49780000 - 0x00007ffc4978c000 	D:\software\java\jdk\jre\bin\vcruntime140_1.dll
0x00007ffbfb900000 - 0x00007ffbfb98e000 	D:\software\java\jdk\jre\bin\msvcp140.dll
0x0000000063c70000 - 0x0000000064517000 	D:\software\java\jdk\jre\bin\server\jvm.dll
0x00007ffc50cd0000 - 0x00007ffc50cd8000 	C:\Windows\System32\PSAPI.DLL
0x00007ffc497a0000 - 0x00007ffc497a9000 	C:\Windows\SYSTEM32\WSOCK32.dll
0x00007ffc3e0d0000 - 0x00007ffc3e0f7000 	C:\Windows\SYSTEM32\WINMM.dll
0x00007ffc40370000 - 0x00007ffc4037a000 	C:\Windows\SYSTEM32\VERSION.dll
0x00007ffc4ff10000 - 0x00007ffc4ff7b000 	C:\Windows\System32\WS2_32.dll
0x00007ffc4cef0000 - 0x00007ffc4cf02000 	C:\Windows\SYSTEM32\kernel.appcore.dll
0x00007ffc47e00000 - 0x00007ffc47e10000 	D:\software\java\jdk\jre\bin\verify.dll
0x00007ffc0b050000 - 0x00007ffc0b07b000 	D:\software\java\jdk\jre\bin\java.dll
0x00007ffc02850000 - 0x00007ffc02884000 	D:\software\java\jdk\jre\bin\instrument.dll
0x00007ffc47c50000 - 0x00007ffc47c68000 	D:\software\java\jdk\jre\bin\zip.dll
0x00007ffc50eb0000 - 0x00007ffc5161b000 	C:\Windows\System32\SHELL32.dll
0x00007ffc4d0f0000 - 0x00007ffc4d88e000 	C:\Windows\SYSTEM32\windows.storage.dll
0x00007ffc508b0000 - 0x00007ffc50c03000 	C:\Windows\System32\combase.dll
0x00007ffc4ea90000 - 0x00007ffc4eabe000 	C:\Windows\SYSTEM32\Wldp.dll
0x00007ffc4fd80000 - 0x00007ffc4fe4d000 	C:\Windows\System32\OLEAUT32.dll
0x00007ffc4fb10000 - 0x00007ffc4fbbd000 	C:\Windows\System32\SHCORE.dll
0x00007ffc50c70000 - 0x00007ffc50cc5000 	C:\Windows\System32\shlwapi.dll
0x00007ffc4ef90000 - 0x00007ffc4efb3000 	C:\Windows\SYSTEM32\profapi.dll
0x00007ffc01ae0000 - 0x00007ffc01afa000 	D:\software\idea\IntelliJ IDEA 2021.3.2\bin\breakgen64.dll
0x00007ffc12f30000 - 0x00007ffc12f4c000 	D:\software\java\jdk\jre\bin\net.dll
0x00007ffc4e7f0000 - 0x00007ffc4e85a000 	C:\Windows\system32\mswsock.dll
0x00007ffc4e4c0000 - 0x00007ffc4e58b000 	C:\Windows\SYSTEM32\DNSAPI.dll
0x00007ffc4e480000 - 0x00007ffc4e4bb000 	C:\Windows\SYSTEM32\IPHLPAPI.DLL
0x00007ffc50490000 - 0x00007ffc50498000 	C:\Windows\System32\NSI.dll
0x00007ffc394a0000 - 0x00007ffc394aa000 	C:\Windows\System32\rasadhlp.dll
0x00007ffc3ffb0000 - 0x00007ffc40030000 	C:\Windows\System32\fwpuclnt.dll
0x00007ffc47b90000 - 0x00007ffc47b9d000 	D:\software\java\jdk\jre\bin\management.dll
0x00007ffc0b450000 - 0x00007ffc0b463000 	D:\software\java\jdk\jre\bin\nio.dll
0x00007ffc4e9f0000 - 0x00007ffc4ea08000 	C:\Windows\SYSTEM32\CRYPTSP.dll
0x00007ffc4e0a0000 - 0x00007ffc4e0d4000 	C:\Windows\system32\rsaenh.dll
0x00007ffc4ef50000 - 0x00007ffc4ef7e000 	C:\Windows\SYSTEM32\USERENV.dll
0x00007ffc4f4b0000 - 0x00007ffc4f532000 	C:\Windows\System32\bcryptprimitives.dll
0x00007ffc4e9e0000 - 0x00007ffc4e9ec000 	C:\Windows\SYSTEM32\CRYPTBASE.dll
0x00007ffc48090000 - 0x00007ffc480a7000 	C:\Windows\SYSTEM32\dhcpcsvc6.DLL
0x00007ffc48980000 - 0x00007ffc4899d000 	C:\Windows\SYSTEM32\dhcpcsvc.DLL
0x00007ffc0e220000 - 0x00007ffc0e237000 	C:\Windows\system32\napinsp.dll
0x00007ffc0e200000 - 0x00007ffc0e21b000 	C:\Windows\system32\pnrpnsp.dll
0x00007ffc49d50000 - 0x00007ffc49d65000 	C:\Windows\system32\wshbth.dll
0x00007ffc4c030000 - 0x00007ffc4c04d000 	C:\Windows\system32\NLAapi.dll
0x00007ffc0e1e0000 - 0x00007ffc0e1f2000 	C:\Windows\System32\winrnr.dll

VM Arguments:
jvm_args: -XX:TieredStopAtLevel=1 -Xverify:none -Dspring.output.ansi.enabled=always -Dcom.sun.management.jmxremote -Dspring.jmx.enabled=true -Dspring.liveBeansView.mbeanDomain -Dspring.application.admin.enabled=true -javaagent:D:\software\idea\IntelliJ IDEA 2021.3.2\lib\idea_rt.jar=11251:D:\software\idea\IntelliJ IDEA 2021.3.2\bin -Dfile.encoding=UTF-8 
java_command: com.zbkj.admin.CrmebAdminApplication
java_class_path (initial): D:\software\java\jdk\jre\lib\charsets.jar;D:\software\java\jdk\jre\lib\deploy.jar;D:\software\java\jdk\jre\lib\ext\access-bridge-64.jar;D:\software\java\jdk\jre\lib\ext\cldrdata.jar;D:\software\java\jdk\jre\lib\ext\dnsns.jar;D:\software\java\jdk\jre\lib\ext\jaccess.jar;D:\software\java\jdk\jre\lib\ext\jfxrt.jar;D:\software\java\jdk\jre\lib\ext\localedata.jar;D:\software\java\jdk\jre\lib\ext\nashorn.jar;D:\software\java\jdk\jre\lib\ext\sunec.jar;D:\software\java\jdk\jre\lib\ext\sunjce_provider.jar;D:\software\java\jdk\jre\lib\ext\sunmscapi.jar;D:\software\java\jdk\jre\lib\ext\sunpkcs11.jar;D:\software\java\jdk\jre\lib\ext\zipfs.jar;D:\software\java\jdk\jre\lib\javaws.jar;D:\software\java\jdk\jre\lib\jce.jar;D:\software\java\jdk\jre\lib\jfr.jar;D:\software\java\jdk\jre\lib\jfxswt.jar;D:\software\java\jdk\jre\lib\jsse.jar;D:\software\java\jdk\jre\lib\management-agent.jar;D:\software\java\jdk\jre\lib\plugin.jar;D:\software\java\jdk\jre\lib\resources.jar;D:\software\java\jdk\jre\lib\rt.jar;D:\Code\git\CampusMall\crmeb\crmeb-admin\target\classes;D:\Code\git\CampusMall\crmeb\crmeb-service\target\classes;D:\Code\git\CampusMall\crmeb\crmeb-common\target\classes;C:\Users\wangqi\.m2\repository\javax\servlet\javax.servlet-api\4.0.1\javax.servlet-api-4.0.1.jar;C:\Users\wangqi\.m2\repository\javax\servlet\jstl\1.2\jstl-1.2.jar;C:\Users\wangqi\.m2\repository\org\apache\tomcat\embed\tomcat-embed-jasper\9.0.33\tomcat-embed-jasper-9.0.33.jar;C:\Users\wangqi\.m2\repository\org\apache\tomcat\embed\tomcat-embed-core\9.0.33\tomcat-embed-core-9.0.33.jar;C:\Users\wangqi\.m2\repository\org\apache\tomcat\tomcat-annotations-api\9.0.33\tomcat-annotations-api-9.0.33.jar;C:\Users\wangqi\.m2\repository\org\apache\tomcat\embed\tomcat-embed-el\9.0.33\tomcat-embed-el-9.0.33.jar;C:\Users\wangqi\.m2\repository\org\eclipse\jdt\ecj\3.18.0\ecj-3.18.0.jar;C:\Users\wangqi\.m2\repository\org\apache\tomcat\tomcat-jsp-api\9.0.33\tomcat-jsp-api-9.0.33.jar;C:\Users\wangqi\.m2\reposi
Launcher Type: SUN_STANDARD

Environment Variables:
JAVA_HOME=D:\software\java\jdk
CLASSPATH=.;D:\software\java\jdk\lib\dt.jar;D:\software\java\jdk\lib\tools.jar;
PATH=C:\Program Files (x86)\Common Files\Oracle\Java\javapath;C:\Windows\system32;C:\Windows;C:\Windows\System32\Wbem;C:\Windows\System32\WindowsPowerShell\v1.0\;C:\Windows\System32\OpenSSH\;C:\Program Files (x86)\NVIDIA Corporation\PhysX\Common;C:\Program Files\NVIDIA Corporation\NVIDIA NvDLISR;C:\Program Files\dotnet\;D:\software\java\jdk\bin;D:\software\java\jdk\jre\bin;D:\software\nvm\nvm;D:\software\node;D:\software\git\Git\cmd;C:\Program Files (x86)\Windows Kits\10\Windows Performance Toolkit\;D:\software\apache-maven-3.6.3\bin;D:\software\Redis-x64-5.0.14.1;D:\software\Miniconda;D:\software\Miniconda\Library\mingw-w64\bin;D:\software\Miniconda\Library\usr\bin;D:\software\Miniconda\Library\bin;D:\software\Miniconda\Scripts;C:\Users\wangqi\AppData\Local\Microsoft\WindowsApps;D:\software\Bandizip_7.12\;D:\software\nvm\nvm;D:\software\node;D:\#Desktop;D:\software\VSCode\Microsoft VS Code\bin;D:\software\idea\IntelliJ IDEA 2021.3.2\bin;
USERNAME=wangqi
OS=Windows_NT
PROCESSOR_IDENTIFIER=Intel64 Family 6 Model 142 Stepping 12, GenuineIntel



---------------  S Y S T E M  ---------------

OS: Windows 10 , 64 bit Build 19041 (10.0.19041.3636)

CPU:total 8 (initial active 8) (4 cores per cpu, 2 threads per core) family 6 model 142 stepping 12, cmov, cx8, fxsr, mmx, sse, sse2, sse3, ssse3, sse4.1, sse4.2, popcnt, avx, avx2, aes, clmul, erms, 3dnowpref, lzcnt, ht, tsc, tscinvbit, bmi1, bmi2, adx

Memory: 4k page, physical 16606472k(6655680k free), swap 33252740k(1244k free)

vm_info: Java HotSpot(TM) 64-Bit Server VM (25.371-b11) for windows-amd64 JRE (1.8.0_371-b11), built on Mar 17 2023 04:03:45 by "java_re" with MS VC++ 17.1 (VS2022)

time: Sat Apr 27 23:05:57 2024
timezone: Intel64 Family 6 Model 142 Stepping 12, GenuineIntel
elapsed time: 12.303696 seconds (0d 0h 0m 12s)

